[    0.000000] Initializing cgroup subsys cpuset
[    0.000000] Initializing cgroup subsys cpu
[    0.000000] Initializing cgroup subsys cpuacct
[    0.000000] Linux version 4.4.0-97-generic (buildd@lcy01-33) (gcc version 5.4.0 20160609 (Ubuntu 5.4.0-6ubuntu1~16.04.4) ) #120-Ubuntu SMP Tue Sep 19 17:28:18 UTC 2017 (Ubuntu 4.4.0-97.120-generic 4.4.87)
[    0.000000] Command line: BOOT_IMAGE=/boot/vmlinuz-4.4.0-97-generic root=LABEL=cloudimg-rootfs ro console=tty1 console=ttyS0
[    0.000000] KERNEL supported cpus:
[    0.000000]   Intel GenuineIntel
[    0.000000]   AMD AuthenticAMD
[    0.000000]   Centaur CentaurHauls
[    0.000000] x86/fpu: xstate_offset[2]:  576, xstate_sizes[2]:  256
[    0.000000] x86/fpu: Supporting XSAVE feature 0x01: 'x87 floating point registers'
[    0.000000] x86/fpu: Supporting XSAVE feature 0x02: 'SSE registers'
[    0.000000] x86/fpu: Supporting XSAVE feature 0x04: 'AVX registers'
[    0.000000] x86/fpu: Enabled xstate features 0x7, context size is 832 bytes, using 'standard' format.
[    0.000000] x86/fpu: Using 'lazy' FPU context switches.
[    0.000000] e820: BIOS-provided physical RAM map:
[    0.000000] BIOS-e820: [mem 0x0000000000000000-0x000000000009fbff] usable
[    0.000000] BIOS-e820: [mem 0x000000000009fc00-0x000000000009ffff] reserved
[    0.000000] BIOS-e820: [mem 0x00000000000f0000-0x00000000000fffff] reserved
[    0.000000] BIOS-e820: [mem 0x0000000000100000-0x000000003ffeffff] usable
[    0.000000] BIOS-e820: [mem 0x000000003fff0000-0x000000003fffffff] ACPI data
[    0.000000] BIOS-e820: [mem 0x00000000fec00000-0x00000000fec00fff] reserved
[    0.000000] BIOS-e820: [mem 0x00000000fee00000-0x00000000fee00fff] reserved
[    0.000000] BIOS-e820: [mem 0x00000000fffc0000-0x00000000ffffffff] reserved
[    0.000000] NX (Execute Disable) protection: active
[    0.000000] SMBIOS 2.5 present.
[    0.000000] Hypervisor detected: KVM
[    0.000000] e820: last_pfn = 0x3fff0 max_arch_pfn = 0x400000000
[    0.000000] MTRR: Disabled
[    0.000000] x86/PAT: MTRRs disabled, skipping PAT initialization too.
[    0.000000] CPU MTRRs all blank - virtualized system.
[    0.000000] x86/PAT: Configuration [0-7]: WB  WT  UC- UC  WB  WT  UC- UC  
[    0.000000] found SMP MP-table at [mem 0x0009fff0-0x0009ffff] mapped at [ffff88000009fff0]
[    0.000000] Scanning 1 areas for low memory corruption
[    0.000000] RAMDISK: [mem 0x36adc000-0x37565fff]
[    0.000000] ACPI: Early table checksum verification disabled
[    0.000000] ACPI: RSDP 0x00000000000E0000 000024 (v02 VBOX  )
[    0.000000] ACPI: XSDT 0x000000003FFF0030 00003C (v01 VBOX   VBOXXSDT 00000001 ASL  00000061)
[    0.000000] ACPI: FACP 0x000000003FFF00F0 0000F4 (v04 VBOX   VBOXFACP 00000001 ASL  00000061)
[    0.000000] ACPI: DSDT 0x000000003FFF0470 0021FF (v02 VBOX   VBOXBIOS 00000002 INTL 20100528)
[    0.000000] ACPI: FACS 0x000000003FFF0200 000040
[    0.000000] ACPI: FACS 0x000000003FFF0200 000040
[    0.000000] ACPI: APIC 0x000000003FFF0240 00005C (v02 VBOX   VBOXAPIC 00000001 ASL  00000061)
[    0.000000] ACPI: SSDT 0x000000003FFF02A0 0001CC (v01 VBOX   VBOXCPUT 00000002 INTL 20100528)
[    0.000000] No NUMA configuration found
[    0.000000] Faking a node at [mem 0x0000000000000000-0x000000003ffeffff]
[    0.000000] NODE_DATA(0) allocated [mem 0x3ffeb000-0x3ffeffff]
[    0.000000] kvm-clock: Using msrs 4b564d01 and 4b564d00
[    0.000000] kvm-clock: cpu 0, msr 0:3ffe3001, primary cpu clock
[    0.000000] kvm-clock: using sched offset of 3290844683 cycles
[    0.000000] clocksource: kvm-clock: mask: 0xffffffffffffffff max_cycles: 0x1cd42e4dffb, max_idle_ns: 881590591483 ns
[    0.000000] Zone ranges:
[    0.000000]   DMA      [mem 0x0000000000001000-0x0000000000ffffff]
[    0.000000]   DMA32    [mem 0x0000000001000000-0x000000003ffeffff]
[    0.000000]   Normal   empty
[    0.000000]   Device   empty
[    0.000000] Movable zone start for each node
[    0.000000] Early memory node ranges
[    0.000000]   node   0: [mem 0x0000000000001000-0x000000000009efff]
[    0.000000]   node   0: [mem 0x0000000000100000-0x000000003ffeffff]
[    0.000000] Initmem setup node 0 [mem 0x0000000000001000-0x000000003ffeffff]
[    0.000000] ACPI: PM-Timer IO Port: 0x4008
[    0.000000] IOAPIC[0]: apic_id 2, version 32, address 0xfec00000, GSI 0-23
[    0.000000] ACPI: INT_SRC_OVR (bus 0 bus_irq 0 global_irq 2 dfl dfl)
[    0.000000] ACPI: INT_SRC_OVR (bus 0 bus_irq 9 global_irq 9 high level)
[    0.000000] Using ACPI (MADT) for SMP configuration information
[    0.000000] smpboot: Allowing 2 CPUs, 0 hotplug CPUs
[    0.000000] PM: Registered nosave memory: [mem 0x00000000-0x00000fff]
[    0.000000] PM: Registered nosave memory: [mem 0x0009f000-0x0009ffff]
[    0.000000] PM: Registered nosave memory: [mem 0x000a0000-0x000effff]
[    0.000000] PM: Registered nosave memory: [mem 0x000f0000-0x000fffff]
[    0.000000] e820: [mem 0x40000000-0xfebfffff] available for PCI devices
[    0.000000] Booting paravirtualized kernel on KVM
[    0.000000] clocksource: refined-jiffies: mask: 0xffffffff max_cycles: 0xffffffff, max_idle_ns: 7645519600211568 ns
[    0.000000] setup_percpu: NR_CPUS:512 nr_cpumask_bits:512 nr_cpu_ids:2 nr_node_ids:1
[    0.000000] PERCPU: Embedded 34 pages/cpu @ffff88003fc00000 s98328 r8192 d32744 u1048576
[    0.000000] PV qspinlock hash table entries: 256 (order: 0, 4096 bytes)
[    0.000000] Built 1 zonelists in Node order, mobility grouping on.  Total pages: 257913
[    0.000000] Policy zone: DMA32
[    0.000000] Kernel command line: BOOT_IMAGE=/boot/vmlinuz-4.4.0-97-generic root=LABEL=cloudimg-rootfs ro console=tty1 console=ttyS0
[    0.000000] PID hash table entries: 4096 (order: 3, 32768 bytes)
[    0.000000] Memory: 1001772K/1048120K available (8480K kernel code, 1294K rwdata, 3984K rodata, 1492K init, 1316K bss, 46348K reserved, 0K cma-reserved)
[    0.000000] SLUB: HWalign=64, Order=0-3, MinObjects=0, CPUs=2, Nodes=1
[    0.000000] Hierarchical RCU implementation.
[    0.000000] 	Build-time adjustment of leaf fanout to 64.
[    0.000000] 	RCU restricting CPUs from NR_CPUS=512 to nr_cpu_ids=2.
[    0.000000] RCU: Adjusting geometry for rcu_fanout_leaf=64, nr_cpu_ids=2
[    0.000000] NR_IRQS:33024 nr_irqs:440 16
[    0.000000] Console: colour VGA+ 80x25
[    0.000000] console [tty1] enabled
[    0.000000] console [ttyS0] enabled
[    0.000000] tsc: Detected 1103.999 MHz processor
[    9.468697] Calibrating delay loop (skipped) preset value.. 2207.99 BogoMIPS (lpj=4415996)
[    9.580993] pid_max: default: 32768 minimum: 301
[    9.650814] ACPI: Core revision 20150930
[    9.702099] ACPI: 2 ACPI AML tables successfully acquired and loaded
[    9.797737] Security Framework initialized
[    9.853613] Yama: becoming mindful.
[    9.873153] AppArmor: AppArmor initialized
[    9.907580] Dentry cache hash table entries: 131072 (order: 8, 1048576 bytes)
[   10.006864] Inode-cache hash table entries: 65536 (order: 7, 524288 bytes)
[   10.082913] Mount-cache hash table entries: 2048 (order: 2, 16384 bytes)
[   10.165084] Mountpoint-cache hash table entries: 2048 (order: 2, 16384 bytes)
[   10.194852] Initializing cgroup subsys io
[   10.196131] Initializing cgroup subsys memory
[   10.197490] Initializing cgroup subsys devices
[   10.198868] Initializing cgroup subsys freezer
[   10.239068] Initializing cgroup subsys net_cls
[   10.259649] Initializing cgroup subsys perf_event
[   10.261188] Initializing cgroup subsys net_prio
[   10.262532] Initializing cgroup subsys hugetlb
[   10.279394] Initializing cgroup subsys pids
[   10.289526] CPU: Physical Processor ID: 0
[   10.343640] CPU: Processor Core ID: 0
[   10.354875] mce: CPU supports 0 MCE banks
[   10.415438] Last level iTLB entries: 4KB 64, 2MB 8, 4MB 8
[   10.493950] Last level dTLB entries: 4KB 64, 2MB 0, 4MB 0, 1GB 4
[   10.566724] Freeing SMP alternatives memory: 32K
[   10.615937] ftrace: allocating 32148 entries in 126 pages
[   10.752100] smpboot: APIC(0) Converting physical 0 to logical package 0
[   10.784953] smpboot: Max logical packages: 1
[   10.846175] x2apic enabled
[   10.876968] Switched APIC routing to physical x2apic.
[   10.931983] ..TIMER: vector=0x30 apic1=0 pin1=2 apic2=-1 pin2=-1
[   11.060976] smpboot: CPU0: Intel(R) Core(TM) m3-6Y30 CPU @ 0.90GHz (family: 0x6, model: 0x4e, stepping: 0x3)
[   11.103558] Performance Events: unsupported p6 CPU model 78 no PMU driver, software events only.
[   11.187063] KVM setup paravirtual spinlock
[   11.228942] x86: Booting SMP configuration:
[   11.273058] .... node  #0, CPUs:      #1
[   11.317235] kvm-clock: cpu 1, msr 0:3ffe3041, secondary cpu clock
[   11.338065] mce: CPU supports 0 MCE banks
[   11.350628] x86: Booted up 1 node, 2 CPUs
[   11.379973] smpboot: Total of 2 processors activated (4415.99 BogoMIPS)
[   11.383933] devtmpfs: initialized
[   11.395386] evm: security.selinux
[   11.419875] evm: security.SMACK64
[   11.444492] evm: security.SMACK64EXEC
[   11.447692] evm: security.SMACK64TRANSMUTE
[   11.459487] evm: security.SMACK64MMAP
[   11.460629] evm: security.ima
[   11.461668] evm: security.capability
[   11.463242] clocksource: jiffies: mask: 0xffffffff max_cycles: 0xffffffff, max_idle_ns: 7645041785100000 ns
[   11.498168] futex hash table entries: 512 (order: 3, 32768 bytes)
[   11.519968] pinctrl core: initialized pinctrl subsystem
[   11.557015] RTC time: 15:42:07, date: 11/05/17
[   11.583660] NET: Registered protocol family 16
[   11.630055] cpuidle: using governor ladder
[   11.657509] cpuidle: using governor menu
[   11.680608] PCCT header not found.
[   11.706740] ACPI: bus type PCI registered
[   11.743897] acpiphp: ACPI Hot Plug PCI Controller Driver version: 0.5
[   11.812721] PCI: Using configuration type 1 for base access
[   11.876284] ACPI: Added _OSI(Module Device)
[   11.913090] ACPI: Added _OSI(Processor Device)
[   11.955132] ACPI: Added _OSI(3.0 _SCP Extensions)
[   12.005458] ACPI: Added _OSI(Processor Aggregator Device)
[   12.049459] ACPI: Executed 1 blocks of module-level executable AML code
[   12.110500] ACPI: Interpreter enabled
[   12.143349] ACPI: (supports S0 S5)
[   12.181246] ACPI: Using IOAPIC for interrupt routing
[   12.230183] PCI: Using host bridge windows from ACPI; if necessary, use "pci=nocrs" and report a bug
[   12.321288] ACPI: PCI Root Bridge [PCI0] (domain 0000 [bus 00-ff])
[   12.372231] acpi PNP0A03:00: _OSC: OS supports [ASPM ClockPM Segments MSI]
[   12.420049] acpi PNP0A03:00: _OSC: not requesting OS control; OS requires [ExtendedConfig ASPM ClockPM MSI]
[   12.450843] acpi PNP0A03:00: fail to add MMCONFIG information, can't access extended PCI configuration space under this bridge.
[   12.553599] PCI host bridge to bus 0000:00
[   12.576712] pci_bus 0000:00: root bus resource [io  0x0000-0x0cf7 window]
[   12.619355] pci_bus 0000:00: root bus resource [io  0x0d00-0xffff window]
[   12.667392] pci_bus 0000:00: root bus resource [mem 0x000a0000-0x000bffff window]
[   12.681226] pci_bus 0000:00: root bus resource [mem 0x40000000-0xffdfffff window]
[   12.716512] pci_bus 0000:00: root bus resource [bus 00-ff]
[   12.744920] pci 0000:00:01.1: legacy IDE quirk: reg 0x10: [io  0x01f0-0x01f7]
[   12.794406] pci 0000:00:01.1: legacy IDE quirk: reg 0x14: [io  0x03f6]
[   12.841198] pci 0000:00:01.1: legacy IDE quirk: reg 0x18: [io  0x0170-0x0177]
[   12.889007] pci 0000:00:01.1: legacy IDE quirk: reg 0x1c: [io  0x0376]
[   12.963052] pci 0000:00:07.0: quirk: [io  0x4000-0x403f] claimed by PIIX4 ACPI
[   13.032091] pci 0000:00:07.0: quirk: [io  0x4100-0x410f] claimed by PIIX4 SMB
[   13.110754] ACPI: PCI Interrupt Link [LNKA] (IRQs 5 9 10 *11)
[   13.177185] ACPI: PCI Interrupt Link [LNKB] (IRQs 5 9 10 *11)
[   13.240816] ACPI: PCI Interrupt Link [LNKC] (IRQs 5 9 *10 11)
[   13.275846] ACPI: PCI Interrupt Link [LNKD] (IRQs 5 *9 10 11)
[   13.334090] ACPI: Enabled 2 GPEs in block 00 to 07
[   13.365923] vgaarb: setting as boot device: PCI:0000:00:02.0
[   13.419622] vgaarb: device added: PCI:0000:00:02.0,decodes=io+mem,owns=io+mem,locks=none
[   13.494727] vgaarb: loaded
[   13.519682] vgaarb: bridge control possible 0000:00:02.0
[   13.561560] SCSI subsystem initialized
[   13.590872] ACPI: bus type USB registered
[   13.631766] usbcore: registered new interface driver usbfs
[   13.666983] usbcore: registered new interface driver hub
[   13.723759] usbcore: registered new device driver usb
[   13.775046] PCI: Using ACPI for IRQ routing
[   13.814964] NetLabel: Initializing
[   13.833076] NetLabel:  domain hash size = 128
[   13.878308] NetLabel:  protocols = UNLABELED CIPSOv4
[   13.925438] NetLabel:  unlabeled traffic allowed by default
[   13.973385] amd_nb: Cannot enumerate AMD northbridges
[   14.003634] clocksource: Switched to clocksource kvm-clock
[   14.071179] AppArmor: AppArmor Filesystem Enabled
[   14.155257] pnp: PnP ACPI init
[   14.217565] pnp: PnP ACPI: found 3 devices
[   14.319171] clocksource: acpi_pm: mask: 0xffffff max_cycles: 0xffffff, max_idle_ns: 2085701024 ns
[   14.510540] NET: Registered protocol family 2
[   14.610251] TCP established hash table entries: 8192 (order: 4, 65536 bytes)
[   14.735624] TCP bind hash table entries: 8192 (order: 5, 131072 bytes)
[   14.895039] TCP: Hash tables configured (established 8192 bind 8192)
[   15.018645] UDP hash table entries: 512 (order: 2, 16384 bytes)
[   15.157801] UDP-Lite hash table entries: 512 (order: 2, 16384 bytes)
[   15.274767] NET: Registered protocol family 1
[   15.378281] pci 0000:00:00.0: Limiting direct PCI/PCI transfers
[   15.511371] pci 0000:00:01.0: Activating ISA DMA hang workarounds
[   15.620861] Unpacking initramfs...
[   18.288516] Freeing initrd memory: 10792K
[   18.328649] platform rtc_cmos: registered platform RTC device (no PNP device found)
[   18.444998] Scanning for low memory corruption every 60 seconds
[   18.486416] audit: initializing netlink subsys (disabled)
[   18.488631] audit: type=2000 audit(1509896526.213:1): initialized
[   18.490836] Initialise system trusted keyring
[   18.493280] HugeTLB registered 2 MB page size, pre-allocated 0 pages
[   18.504152] zbud: loaded
[   18.507054] VFS: Disk quotas dquot_6.6.0
[   18.509134] VFS: Dquot-cache hash table entries: 512 (order 0, 4096 bytes)
[   18.513769] squashfs: version 4.0 (2009/01/31) Phillip Lougher
[   18.520161] fuse init (API version 7.23)
[   18.526289] Key type big_key registered
[   18.534313] Allocating IMA MOK and blacklist keyrings.
[   18.561690] Key type asymmetric registered
[   18.585556] Asymmetric key parser 'x509' registered
[   18.600283] Block layer SCSI generic (bsg) driver version 0.4 loaded (major 249)
[   18.623923] io scheduler noop registered
[   18.633548] io scheduler deadline registered (default)
[   18.636731] io scheduler cfq registered
[   18.660470] pci_hotplug: PCI Hot Plug PCI Core version: 0.5
[   18.677362] pciehp: PCI Express Hot Plug Controller Driver version: 0.4
[   18.679852] ACPI: AC Adapter [AC] (off-line)
[   18.717883] input: Power Button as /devices/LNXSYSTM:00/LNXPWRBN:00/input/input0
[   18.826904] ACPI: Power Button [PWRF]
[   18.828436] input: Sleep Button as /devices/LNXSYSTM:00/LNXSLPBN:00/input/input1
[   18.846330] ACPI: Sleep Button [SLPF]
[   18.853622] ACPI: Battery Slot [BAT0] (battery present)
[   18.860501] GHES: HEST is not enabled!
[   18.967724] Serial: 8250/16550 driver, 32 ports, IRQ sharing enabled
[   19.077438] 00:02: ttyS0 at I/O 0x3f8 (irq = 4, base_baud = 115200) is a 16550A
[   19.197908] Linux agpgart interface v0.103
[   19.254337] loop: module loaded
[   19.315903] scsi host0: ata_piix
[   19.328423] tsc: Refined TSC clocksource calibration: 1103.738 MHz
[   19.328425] clocksource: tsc: mask: 0xffffffffffffffff max_cycles: 0xfe8e48f8a4, max_idle_ns: 440795243809 ns
[   19.657937] scsi host1: ata_piix
[   19.707297] ata1: PATA max UDMA/33 cmd 0x1f0 ctl 0x3f6 bmdma 0xd000 irq 14
[   19.830603] ata2: PATA max UDMA/33 cmd 0x170 ctl 0x376 bmdma 0xd008 irq 15
[   19.999452] libphy: Fixed MDIO Bus: probed
[   20.085531] tun: Universal TUN/TAP device driver, 1.6
[   20.185164] tun: (C) 1999-2004 Max Krasnyansky <maxk@qualcomm.com>
[   20.305614] PPP generic driver version 2.4.2
[   20.376068] ehci_hcd: USB 2.0 'Enhanced' Host Controller (EHCI) Driver
[   20.437688] ehci-pci: EHCI PCI platform driver
[   20.484077] ehci-platform: EHCI generic platform driver
[   20.547765] ohci_hcd: USB 1.1 'Open' Host Controller (OHCI) Driver
[   20.614864] ohci-pci: OHCI PCI platform driver
[   20.661957] ohci-platform: OHCI generic platform driver
[   20.712758] uhci_hcd: USB Universal Host Controller Interface driver
[   20.723254] i8042: PNP: PS/2 Controller [PNP0303:PS2K,PNP0f03:PS2M] at 0x60,0x64 irq 1,12
[   20.822306] serio: i8042 KBD port at 0x60,0x64 irq 1
[   20.860616] serio: i8042 AUX port at 0x60,0x64 irq 12
[   20.869502] mousedev: PS/2 mouse device common for all mice
[   20.880644] input: AT Translated Set 2 keyboard as /devices/platform/i8042/serio0/input/input2
[   20.884155] rtc_cmos rtc_cmos: rtc core: registered rtc_cmos as rtc0
[   20.884267] rtc_cmos rtc_cmos: alarms up to one day, 114 bytes nvram
[   20.884279] i2c /dev entries driver
[   20.884395] device-mapper: uevent: version 1.0.3
[   20.884516] device-mapper: ioctl: 4.34.0-ioctl (2015-10-28) initialised: dm-devel@redhat.com
[   20.884540] ledtrig-cpu: registered to indicate activity on CPUs
[   20.892056] NET: Registered protocol family 10
[   20.892245] NET: Registered protocol family 17
[   20.892265] Key type dns_resolver registered
[   20.904779] microcode: CPU0 sig=0x406e3, pf=0x2, revision=0x0
[   20.904809] microcode: CPU1 sig=0x406e3, pf=0x2, revision=0x0
[   20.904917] microcode: Microcode Update Driver: v2.01 <tigran@aivazian.fsnet.co.uk>, Peter Oruba
[   20.905129] registered taskstats version 1
[   20.905154] Loading compiled-in X.509 certificates
[   20.906131] Loaded X.509 cert 'Build time autogenerated kernel key: d1010f9627fd9242df4b03365d2931dfd1ad3d42'
[   20.906155] zswap: loaded using pool lzo/zbud
[   20.908172] Key type trusted registered
[   20.911007] Key type encrypted registered
[   20.911013] AppArmor: AppArmor sha1 policy hashing enabled
[   20.911017] ima: No TPM chip found, activating TPM-bypass!
[   20.911036] evm: HMAC attrs: 0x1
[   20.911397]   Magic number: 9:680:739
[   20.912770] rtc_cmos rtc_cmos: setting system clock to 2017-11-05 15:42:17 UTC (1509896537)
[   20.912860] BIOS EDD facility v0.16 2004-Jun-25, 0 devices found
[   20.912861] EDD information not available.
[   21.328040] Freeing unused kernel memory: 1492K
[   21.452393] Write protecting the kernel read-only data: 14336k
[   21.596149] Freeing unused kernel memory: 1748K
[   21.726823] Freeing unused kernel memory: 112K
Loading, please wait...
startin[   21.818510] random: systemd-udevd: uninitialized urandom read (16 bytes read, 5 bits of entropy available)
g version 229
[   21.819524] random: udevadm: uninitialized urandom read (16 bytes read, 5 bits of entropy available)
[   21.819543] random: udevadm: uninitialized urandom read (16 bytes read, 5 bits of entropy available)
[   21.828133] random: udevadm: uninitialized urandom read (16 bytes read, 5 bits of entropy available)
[   21.828176] random: udevadm: uninitialized urandom read (16 bytes read, 5 bits of entropy available)
[   21.828341] random: udevadm: uninitialized urandom read (16 bytes read, 5 bits of entropy available)
[   21.828395] random: udevadm: uninitialized urandom read (16 bytes read, 5 bits of entropy available)
[   21.828442] random: udevadm: uninitialized urandom read (16 bytes read, 5 bits of entropy available)
[   21.828489] random: udevadm: uninitialized urandom read (16 bytes read, 5 bits of entropy available)
[   21.828539] random: udevadm: uninitialized urandom read (16 bytes read, 5 bits of entropy available)
[   23.117881] e1000: Intel(R) PRO/1000 Network Driver - version 7.3.21-k8-NAPI
[   23.272898] e1000: Copyright (c) 1999-2006 Intel Corporation.
[   23.327316] Fusion MPT base driver 3.04.20
[   23.345477] Copyright (c) 1999-2008 LSI Corporation
[   23.375050] Fusion MPT SPI Host driver 3.04.20
[   23.399737] AVX version of gcm_enc/dec engaged.
[   23.442184] AES CTR mode by8 optimization enabled
[   23.602852] input: ImExPS/2 Generic Explorer Mouse as /devices/platform/i8042/serio1/input/input4
[   23.795384] e1000 0000:00:03.0 eth0: (PCI:33MHz:32-bit) 02:51:17:41:23:cb
[   23.873176] e1000 0000:00:03.0 eth0: Intel(R) PRO/1000 Network Connection
[   23.943424] mptbase: ioc0: Initiating bringup
[   23.944039] e1000 0000:00:03.0 enp0s3: renamed from eth0
[   24.116322] ioc0: LSI53C1030 A0: Capabilities={Initiator}
[   24.368202] scsi host2: ioc0: LSI53C1030 A0, FwRev=00000000h, Ports=1, MaxQ=256, IRQ=20
[   24.601398] scsi 2:0:0:0: Direct-Access     VBOX     HARDDISK         1.0  PQ: 0 ANSI: 5
[   24.845906] scsi target2:0:0: Beginning Domain Validation
[   25.059322] scsi target2:0:0: Domain Validation skipping write tests
[   25.105839] scsi target2:0:0: Ending Domain Validation
[   25.234982] scsi target2:0:0: asynchronous
[   25.354449] scsi 2:0:1:0: Direct-Access     VBOX     HARDDISK         1.0  PQ: 0 ANSI: 5
[   25.359157] scsi target2:0:1: Beginning Domain Validation
[   25.377647] scsi target2:0:1: Domain Validation skipping write tests
[   25.396546] scsi target2:0:1: Ending Domain Validation
[   25.419279] scsi target2:0:1: asynchronous
[   25.464673] sd 2:0:0:0: [sda] 20971520 512-byte logical blocks: (10.7 GB/10.0 GiB)
[   25.602497] sd 2:0:0:0: Attached scsi generic sg0 type 0
[   25.732702] sd 2:0:0:0: [sda] Write Protect is off
[   25.733139] sd 2:0:1:0: [sdb] 20480 512-byte logical blocks: (10.5 MB/10.0 MiB)
[   25.733338] sd 2:0:1:0: [sdb] Write Protect is off
[   25.733479] sd 2:0:1:0: [sdb] Incomplete mode parameter data
[   25.733481] sd 2:0:1:0: [sdb] Assuming drive cache: write through
[   25.735800] sd 2:0:1:0: [sdb] Attached SCSI disk
[   25.857252] sd 2:0:1:0: Attached scsi generic sg1 type 0
[   26.412691] floppy0: no floppy controllers found
[   26.412747] work still pending
[   26.505741] sd 2:0:0:0: [sda] Incomplete mode parameter data
[   26.524566] sd 2:0:0:0: [sda] Assuming drive cache: write through
[   26.544421]  sda: sda1
[   26.553961] sd 2:0:0:0: [sda] Attached SCSI disk
Begin: Loading e[   28.201275] md: linear personality registered for level -1
ssential drivers ... [   28.298888] md: multipath personality registered for level -4
[   28.306880] md: raid0 personality registered for level 0
[   28.318988] md: raid1 personality registered for level 1
[   28.411776] raid6: sse2x1   gen()  5724 MB/s
[   28.511831] raid6: sse2x1   xor()  3784 MB/s
[   28.619792] raid6: sse2x2   gen()  6488 MB/s
[   28.731886] raid6: sse2x2   xor()  4658 MB/s
[   28.823721] raid6: sse2x4   gen()  5531 MB/s
[   28.928005] raid6: sse2x4   xor()  4546 MB/s
[   28.963097] raid6: using algorithm sse2x2 gen() 6488 MB/s
[   29.012561] raid6: .... xor() 4658 MB/s, rmw enabled
[   29.025375] raid6: using ssse3x2 recovery algorithm
[   29.028778] xor: automatically using best checksumming function:
[   29.216275]    avx       : 33138.000 MB/sec
[   29.278670] async_tx: api initialized (async)
[   29.291668] md: raid6 personality registered for level 6
[   29.293872] md: raid5 personality registered for level 5
[   29.320843] md: raid4 personality registered for level 4
[   29.329892] md: raid10 personality registered for level 10
done.
Begin: Running /scripts/init-premount ... done[   29.481084] Btrfs loaded
.
Begin: Mounting root file system ... Begin: Running /scripts/local-top ... done.
Begin: Running /scripts/local-premount ... Scanning for Btrfs filesystems
done.
Warning: fsck no[   29.592299] EXT4-fs (sda1): mounted filesystem with ordered data mode. Opts: (null)
t present, so skipping root file system
done.
Begin: Running /scripts/local-bottom ... done.
Begin: Running /scripts/init-bottom ... done.
[   29.797599] systemd[1]: systemd 229 running in system mode. (+PAM +AUDIT +SELINUX +IMA +APPARMOR +SMACK +SYSVINIT +UTMP +LIBCRYPTSETUP +GCRYPT +GNUTLS +ACL +XZ -LZ4 +SECCOMP +BLKID +ELFUTILS +KMOD -IDN)
[   30.177738] systemd[1]: Detected virtualization oracle.
[   30.232723] systemd[1]: Detected architecture x86-64.

Welcome to [1mUbuntu 16.04.3 LTS[0m!

[   30.340719] systemd[1]: Set hostname to <ubuntu>.
[   30.448119] systemd[1]: Initializing machine ID from random generator.
[   30.525609] systemd[1]: Installed transient /etc/machine-id file.
[   30.755125] random: nonblocking pool is initialized
[   30.854611] systemd[1]: Listening on LVM2 poll daemon socket.
[[0;32m  OK  [0m] Listening on LVM2 poll daemon socket.
[   31.044327] systemd[1]: Started Trigger resolvconf update for networkd DNS.
[[0;32m  OK  [0m] Started Trigger resolvconf update for networkd DNS.
[   31.124160] systemd[1]: Listening on Journal Socket.
[[0;32m  OK  [0m] Listening on Journal Socket.
[   31.184458] systemd[1]: Listening on Syslog Socket.
[[0;32m  OK  [0m] Listening on Syslog Socket.
[   31.282099] systemd[1]: Reached target Swap.
[[0;32m  OK  [0m] Reached target Swap.
[   31.401198] systemd[1]: Created slice User and Session Slice.
[[0;32m  OK  [0m] Created slice User and Session Slice.
[   31.616431] systemd[1]: Listening on LVM2 metadata daemon socket.
[[0;32m  OK  [0m] Listening on LVM2 metadata daemon socket.
[   31.864342] systemd[1]: Listening on /dev/initctl Compatibility Named Pipe.
[[0;32m  OK  [0m] Listening on /dev/initctl Compatibility Named Pipe.
[   32.116310] systemd[1]: Reached target User and Group Name Lookups.
[[0;32m  OK  [0m] Reached target User and Group Name Lookups.
[   32.211453] systemd[1]: Listening on udev Kernel Socket.
[[0;32m  OK  [0m] Listening on udev Kernel Socket.
[   32.236014] systemd[1]: Reached target Encrypted Volumes.
[[0;32m  OK  [0m] Reached target Encrypted Volumes.
[   32.280885] systemd[1]: Created slice System Slice.
[[0;32m  OK  [0m] Created slice System Slice.
[   32.323950] systemd[1]: Starting Load Kernel Modules...
[   32.350688] Loading iSCSI transport class v2.0-870.
         Startin[   32.429477] iscsi: registered transport (tcp)
g Load Kernel Modules...
[   32.504979] iscsi: registered transport (iser)
[   32.508266] systemd[1]: Starting Uncomplicated firewall...
         Starting Uncomplicated firewall...
[   32.615833] systemd[1]: Starting Create list of required static device nodes for the current kernel...
         Starting Create list of required st... nodes for the current kernel...
[   32.912592] systemd[1]: Mounting Huge Pages File System...
         Mounting Huge Pages File System...
[   33.024188] systemd[1]: Starting Nameserver information manager...
         Starting Nameserver information manager...
[   33.235992] systemd[1]: Starting Set console keymap...
         Starting Set console keymap...
[   33.360907] systemd[1]: Mounting Debug File System...
         Mounting Debug File System...
[   33.379764] systemd[1]: Created slice system-serial\x2dgetty.slice.
[[0;32m  OK  [0m] Created slice system-serial\x2dgetty.slice.
[   33.430329] systemd[1]: Reached target Slices.
[[0;32m  OK  [0m] Reached target Slices.
[   33.472094] systemd[1]: Listening on Journal Socket (/dev/log).
[[0;32m  OK  [0m] Listening on Journal Socket (/dev/log).
[   33.556551] systemd[1]: Started Forward Password Requests to Wall Directory Watch.
[[0;32m  OK  [0m] Started Forward Password Requests to Wall Directory Watch.
[   33.852574] systemd[1]: Set up automount Arbitrary Executable File Formats File System Automount Point.
[[0;32m  OK  [0m] Set up automount Arbitrary Executab...ats File System Automount Point.
[   34.108592] systemd[1]: Starting Remount Root and Kernel File Systems...
[   34.113755] EXT4-fs (sda1): re-mounted. Opts: (null)
         Starting Remount Root and Kernel File Systems...
[   34.348039] systemd[1]: Listening on Journal Audit Socket.
[[0;32m  OK  [0m] Listening on Journal Audit Socket.
[   34.528123] systemd[1]: Starting Journal Service...
         Starting Journal Service...
[   34.611945] systemd[1]: Mounting POSIX Message Queue File System...
         Mounting POSIX Message Queue File System...
[   34.724640] systemd[1]: Listening on Device-mapper event daemon FIFOs.
[[0;32m  OK  [0m] Listening on Device-mapper event daemon FIFOs.
[   34.952373] systemd[1]: Starting Monitoring of LVM2 mirrors, snapshots etc. using dmeventd or progress polling...
         Starting Monitoring of LVM2 mirrors... dmeventd or progress polling...
[   35.167082] systemd[1]: Listening on udev Control Socket.
[[0;32m  OK  [0m] Listening on udev Control Socket.
[   35.377171] systemd[1]: Mounted POSIX Message Queue File System.
[[0;32m  OK  [0m] Mounted POSIX Message Queue File System.
[   35.504362] systemd[1]: Mounted Huge Pages File System.
[[0;32m  OK  [0m] Mounted Huge Pages File System.
[   35.652608] systemd[1]: Mounted Debug File System.
[[0;32m  OK  [0m] Mounted Debug File System.
[   35.716510] systemd[1]: Started Journal Service.
[[0;32m  OK  [0m] Started Journal Service.
[[0;32m  OK  [0m] Started Load Kernel Modules.
[[0;32m  OK  [0m] Started Uncomplicated firewall.
[[0;32m  OK  [0m] Started Create list of required sta...ce nodes for the current kernel.
[[0;32m  OK  [0m] Started Set console keymap.
[[0;32m  OK  [0m] Started Remount Root and Kernel File Systems.
[[0;32m  OK  [0m] Started Nameserver information manager.
[[0;32m  OK  [0m] Started LVM2 metadata daemon.
         Starting Initial cloud-init job (pre-networking)...
         Starting Load/Save Random Seed...
         Starting udev Coldplug all Devices...
         Starting Create Static Device Nodes in /dev...
         Starting Apply Kernel Variables...
         Mounting FUSE Control File System...
         Starting Flush Journal to Persistent Storage...
[[0;32m  OK  [0m] Mounted FUSE Control File System.
[[0;32m  OK  [0m] Started Load/Save Random Seed.
[[0;32m  OK  [0m] Started Create Static Device Nodes in /dev.
[[0;32m  OK  [0m] Started Apply Kernel Variables.
[[0;32m  OK  [0m] Started udev Coldplug all Devices.
[[0;32m  OK  [0m] Started Flush Journal to Persistent Storage.
[[0;32m  OK  [0m] Started Monitoring of LVM2 mirrors,...ng dmeventd or progress polling.
         Starting udev Kernel Device Manager...
[[0;32m  OK  [0m] Started udev Kernel Device Manager.
[[0;32m  OK  [0m] Reached target Local File Systems (Pre).
[[0;32m  OK  [0m] Reached target Local File Systems.
         Starting Commit a transient machine-id on disk...
         Starting Tell Plymouth To Write Out Runtime Data...
         Starting Create Volatile Files and Directories...
         Starting LSB: AppArmor initialization...
         Starting Set console font and keymap...
[[0;32m  OK  [0m] Started Dispatch Password Requests to Console Directory Watch.
[[0;32m  OK  [0m] Started Commit a transient machine-id on disk.
[[0;32m  OK  [0m] Started Tell Plymouth To Write Out Runtime Data.
[[0;32m  OK  [0m] Started Create Volatile Files and Directories.
[[0;32m  OK  [0m] Found device /dev/ttyS0.
         Starting Update UTMP about System Boot/Shutdown...
[[0;32m  OK  [0m] Reached target System Time Synchronized.
[[0;32m  OK  [0m] Started Update UTMP about System Boot/Shutdown.
[[0;32m  OK  [0m] Listening on Load/Save RF Kill Switch Status /dev/rfkill Watch.
[   24.398206] cloud-init[437]: Cloud-init v. 0.7.9 running 'init-local' at Sun, 05 Nov 2017 15:42:33 +0000. Up 23.80 seconds.
[[0;32m  OK  [0m] Started Initial cloud-init job (pre-networking).
[[0;32m  OK  [0m] Started Set console font and keymap.
[[0;32m  OK  [0m] Started LSB: AppArmor initialization.
[[0;32m  OK  [0m] Created slice system-getty.slice.
[[0;32m  OK  [0m] Reached target Network (Pre).
         Starting Raise network interfaces...
[[0;32m  OK  [0m] Started Raise network interfaces.
[[0;32m  OK  [0m] Reached target Network.
         Starting Initial cloud-init job (metadata service crawler)...
[   28.298844] cloud-init[918]: Cloud-init v. 0.7.9 running 'init' at Sun, 05 Nov 2017 15:42:37 +0000. Up 27.31 seconds.
[   28.303010] cloud-init[918]: ci-info: +++++++++++++++++++++++++++++++++++++Net device info++++++++++++++++++++++++++++++++++++++
[   28.425375] [cloud-init[0;32m  OK  [0m[918]: ] ci-info: +--------+------+----------------------------+---------------+-------+-------------------+Started Initial cloud-init job (metadata service crawler).

[   28.576775] cloud-init[918]: ci-info: | Device |  Up  |          Address           |      Mask     | Scope |     Hw-Address    |
[[0;32m  OK  [0m] Reached target Cloud-config availability.
[[0;32m  OK  [0m] Reached target System Initialization.
[   28.720648] cloud-init[918]: ci-info: +--------+------+----------------------------+---------------+-------+-------------------+
[   28.961093] cloud-init[918]: ci-info: |   lo   | True |         127.0.0.1          |   255.0.0.0   |   .   |         .         |
[   29.080514] cloud-init[918]: ci-info: |   lo   | True |          ::1/128           |       .       |  host |         .         |
[[0;32m  OK  [0m] Started ACPI Events Check.
[[0;32m  OK  [0m] Reached target Paths.
[[0;32m  OK  [0m] Started Daily Cleanup of Temporary Directories.
[   29.191576] cloud-init[918]: ci-info: | enp0s3 | True |         10.0.2.15          | 255.255.255.0 |   .   | 02:51:17:41:23:cb |
[   29.344400] cloud-init[918]: ci-info: | enp0s3 | True | fe80::51:17ff:fe41:23cb/64 |       .       |  link | 02:51:17:41:23:cb |
[[0;32m  OK  [0m] Listening on ACPID Listen Socket.
[[0;32m  OK  [0m] Started Timer to automatically fetch and run repair assertions.
[   29.456363] cloud-init[918]: ci-info: +--------+------+----------------------------+---------------+-------+-------------------+
[   29.704865] cloud-init[918]: ci-info: +++++++++++++++++++++++++++Route IPv4 info++++++++++++++++++++++++++++
[   29.768866] cloud-init[918]: ci-info: +-------+-------------+----------+---------------+-----------+-------+
         Starting LXD - unix socket.
[[0;32m  OK  [0m] Listening on UUID daemon activation socket.
[   29.808894] cloud-init[918]: ci-info: | Route | Destination | Gateway  |    Genmask    | Interface | Flags |
[   29.879729] cloud-init[918]: ci-info: +-------+-------------+----------+---------------+-----------+-------+
[[0;32m  OK  [0m] Started Timer to automatically refresh installed snaps.
[   29.921984]          cloud-initStarting Socket activation for snappy daemon.[918]: 
ci-info: |   0   |   0.0.0.0   | 10.0.2.2 |    0.0.0.0    |   enp0s3  |   UG  |
[   30.056566] [cloud-init[0;32m  OK  [0m[918]: ] ci-info: |   1   |   10.0.2.0  | 0.0.0.0  | 255.255.255.0 |   enp0s3  |   U   |Listening on D-Bus System Message Bus Socket.

[   30.057638] [cloud-init[0;32m  OK  [0m[918]: ] ci-info: +-------+-------------+----------+---------------+-----------+-------+Reached target Network is Online.

[   30.137598] cloud-init[918]: Generating public/private rsa key pair.
[   30.248653]          cloud-initStarting iSCSI initiator daemon (iscsid)...[918]: 
Your identification has been saved in /etc/ssh/ssh_host_rsa_key.
[[0;32m  OK  [0m] Started Daily apt download activities.
[[0;32m  OK  [0m] Started Daily apt upgrade and clean activities.
[   30.249458] cloud-init[918]: Your public key has been saved in /etc/ssh/ssh_host_rsa_key.pub.
[   30.448606] cloud-init[918]: The key fingerprint is:
[[0;32m  OK  [0m] Reached target Timers.
[   30.449497] cloud-init[918]: SHA256:c9byR6UIyFfUgcJhAKdN58f3LE7B1gBptz8Aegf8Kcw root@ubuntu-xenial
[[0;32m  OK  [0m] Listening on LXD - unix socket.
[[0;32m  OK  [0m] Listening on Socket activation for snappy daemon.
[   30.580580] cloud-init[918]: The key's randomart image is:
[   30.662594] [cloud-init[0;32m  OK  [0m[918]: ] +---[RSA 2048]----+Started iSCSI initiator daemon (iscsid).

[   30.663644] cloud-init[918]: |      ..+o=o+=o. |
[   30.740485] cloud-init[918]: |       * =o*+.oo |
[   30.740942] cloud-init[918]: |      . + Bo*.*.o|
         Starting Login to default iSCSI targets...
[[   30.741162] cloud-init[918]: |         o E O.* |
[   30.802087] cloud-init[918]: |        S = = *.o|
[0;32m  OK  [0m] Reached target Sockets.
[   30.802275] cloud-init[918]: |         + o + o.|
[[0;32m  OK  [0m] Reached target Basic System.
[   30.866608] cloud-init[918]: |            . o .|
[   30.920664] cloud-init[918]: |             .   |
[   30.933954] cloud-init[918]: |                 |
         Starting Login Service...
[   30.964714] cloud-init[918]: +----[SHA256]-----+
[   30.972915] cloud-init[918]: Generating public/private dsa key pair.
[   30.976292] cloud-init[918]: Your identification has been saved in /etc/ssh/ssh_host_dsa_key.
[   31.004484] cloud-init[918]: Your public key has been saved in /etc/ssh/ssh_host_dsa_key.pub.
[   31.004948] cloud-init[918]: The key fingerprint is:
         Starting System Logging Service...
[   31.005258] cloud-init[918]: SHA256://mT1XGNxqddzMoTgIwZUK0o0iBRYVLLZoUf1uBtVH8 root@ubuntu-xenial
[   31.112513] cloud-init[918]: The key's randomart image is:
[   31.112959] cloud-init[918]: +---[DSA 1024]----+
         Starting /etc/rc.local Compatibility...
[   31.113178] cloud-init[918]: |o+=oooo++* .     |
[   31.228634] cloud-init[918]: |.+o+oo. o.+ .    |
[   31.229073] cloud-init[918]: | .==..o. .. Eo +.|
[[0;32m  OK  [0m] Started Deferred execution scheduler.
[   31.229302] cloud-init[918]: | o. +.. .  .  =.B|
         [   31.313031] Starting Accounts Service...cloud-init
[918]: |   . .  S    o *=|
[   31.315994] cloud-init[918]: |         .    = +|
         [   31.379406] Starting LXD - container startup/shutdown...cloud-init
[918]: |          .    + |
[   31.436562] cloud-init[918]: |           . .o  |
[   31.437089] cloud-init[918]: |            o... |
         Starting LSB: MD monitoring daemon...
[   31.437405] cloud-init[918]: +----[SHA256]-----+
[   31.492826] cloud-init[918]: Generating public/private ecdsa key pair.
[   31.493791] cloud-init[918]: Your identification has been saved in /etc/ssh/ssh_host_ecdsa_key.
[[0;32m  OK  [0m] Started ACPI event daemon.
[   31.494178] cloud-init[918]: Your public key has been saved in /etc/ssh/ssh_host_ecdsa_key.pub.
[[   31.577235] cloud-init[918]: The key fingerprint is:
[0;32m  OK  [0m] Started D-Bus System Message Bus.
[   31.578904] cloud-init[918]: SHA256:bu+0KECvua+tHjF050FYuNAA2dQ7AuMzqUrOzslrWis root@ubuntu-xenial
[   31.637731] cloud-init[918]: The key's randomart image is:
         Starting Pollinate to seed the pseudo random number generator...
[   31.667161] cloud-init[918]: +---[ECDSA 256]---+
[   31.697086] cloud-init[918]: |  .=o+ +o        |
[[0;32m  OK  [0m] Started Regular background program processing daemon.
         Starting Snappy daemon...
         Starting LSB: Record successful boot for GRUB...
[   31.716792] cloud-init[918]: |  + o =.         |
         Starting Apply the settings specified in cloud-config...
[   31.888489] cloud-init[918]: | . +...oo        |
[   31.992524] [cloud-init[0;32m  OK  [0m[918]: ] |  =.o.+o .       |Started FUSE filesystem for LXC.

[   31.993199] [[0;32m  OK  [0m] Started Unattended Upgrades Shutdown.
cloud-init[[918]: [0;32m  OK  [0m| . +oo .S        |] 
Started System Logging Service.
[   32.032342] [cloud-init[0;32m  OK  [0m[918]: ] |..  .o..         |Started Snappy daemon.

[   32.052630] cloud-init[918]: |= . .+  o .      |
[   32.100913] [cloud-init[0;32m  OK  [0m[918]: ] |E=..oo.. + .     |Started /etc/rc.local Compatibility.

[[0;32m  OK  [0m] Started LXD - container startup/shutdown.
[   32.102307] cloud-init[918]: |=Bo.==o...+      |
[   32.218397] cloud-init[918]: +----[SHA256]-----+
[   32.244647] cloud-init[918]: Generating public/private ed25519 key pair.
[   32.276704] cloud-init[918]: Your identification has been saved in /etc/ssh/ssh_host_ed25519_key.
[   32.334140] cloud-init[918]: Your public key has been saved in /etc/ssh/ssh_host_ed25519_key.pub.
[   32.334744] cloud-init[918]: The key fingerprint is:
[[0;32m  OK  [0m] Started Login to default iSCSI targets.
[   32.334978] cloud-init[918]: SHA256:qzR9CXx/3v3P/dBwmcJXltAQiS99dQTZV8+S301dpa4 root@ubuntu-xenial
[   32.473726] cloud-init[918]: The key's randomart image is:
[   32.504582] cloud-init[918]: +--[ED25519 256]--+
[   32.505092] cloud-init[918]: |            .+*=B|
[[0;32m  OK  [0m] Started LSB: MD monitoring daemon.
[   32.505446] cloud-init[918]: |           . .o=X|
[   32.576767] cloud-init[918]: |            o +.@|
[[0;32m  OK  [0m] Started LSB: Record successful boot for GRUB.
[   32.577522] cloud-init[918]: |       .   ..+ **|
[   32.648468] cloud-init[918]: |        S . .o++=|
[   32.654266] cloud-init[918]: |       . + o .o+ |
[[0;32m  OK  [0m] Started Login Service.
[   32.670616] cloud-init[918]: |      o o o E o .|
[   32.708646] cloud-init[918]: |     . o .   o +o|
[   32.709320]          cloud-initStarting Authenticate and Authorize Users to Run Privileged Tasks...[918]: 
|      .       . %|
[[0;32m  OK  [0m] Reached target Remote File Systems (Pre).
[   32.774656] cloud-init[918]: +----[SHA256]-----+
[[0;32m  OK  [0m] Reached target Remote File Systems.
         Starting LSB: Set the CPU Frequency Scaling governor to "ondemand"...
         Starting LSB: VirtualBox Linux Additions...
         Starting LSB: daemon to balance interrupts for SMP systems...
         Starting Permit User Sessions...
[   33.032115] cloud-init[1066]: Generating locales (this might take a while)...
         Starting LSB: automatic crash report generation...
         Starting Auto import assertions from block devices...
[[0;32m  OK  [0m] Started Permit User Sessions.
[[0;32m  OK  [0m] Started Auto import assertions from block devices.
[[0;32m  OK  [0m] Started Authenticate and Authorize Users to Run Privileged Tasks.
[[0;32m  OK  [0m] Started Accounts Service.
[[0;32m  OK  [0m] Started LSB: Set the CPU Frequency Scaling governor to "ondemand".
         Starting Hold until boot process finishes up...
         Starting Terminate Plymouth Boot Screen...
[[0;32m  OK  [0m] Started LSB: daemon to balance interrupts for SMP systems.
[[0;32m  OK  [0m] Started LSB: VirtualBox Linux Additions.
[[0;32m  OK  [0m] Started LSB: automatic crash report generation.
[[0;32m  OK  [0m] Started Hold until boot process finishes up.
[[0;32m  OK  [0m] Started Terminate Plymouth Boot Screen.
[[0;32m  OK  [0m] Started Serial Getty on ttyS0.
         Starting Set console scheme...
[[0;32m  OK  [0m] Started Getty on tty1.
[[0;32m  OK  [0m] Reached target Login Prompts.
[[0;32m  OK  [0m] Started Set console scheme.
[[0;32m  OK  [0m] Started Pollinate to seed the pseudo random number generator.
         Starting OpenBSD Secure Shell server...
[[0;32m  OK  [0m] Started OpenBSD Secure Shell server.
[[0;32m  OK  [0m] Reached target Multi-User System.
[[0;32m  OK  [0m] Reached target Graphical Interface.
         Starting Update UTMP about System Runlevel Changes...
[[0;32m  OK  [0m] Started Update UTMP about System Runlevel Changes.
[   34.829714] cloud-init[1066]:   en_US.UTF-8... done
[   34.837203] cloud-init[1066]: Generation complete.
         Stopping OpenBSD Secure Shell server...
[[0;32m  OK  [0m] Stopped OpenBSD Secure Shell server.
         Starting OpenBSD Secure Shell server...
[[0;32m  OK  [0m] Started OpenBSD Secure Shell server.
[[0;32m  OK  [0m] Created slice User Slice of ubuntu.
         Starting User Manager for UID 1000...
[[0;32m  OK  [0m] Started Session 1 of user ubuntu.
[[0;32m  OK  [0m] Started User Manager for UID 1000.
[   35.666963] cloud-init[1066]: Cloud-init v. 0.7.9 running 'modules:config' at Sun, 05 Nov 2017 15:42:42 +0000. Up 32.63 seconds.
[[0;32m  OK  [0m] Started Apply the settings specified in cloud-config.
         Starting Execute cloud user/final scripts...
ci-info: no authorized ssh keys fingerprints found for user ubuntu.
<14>Nov  5 15:42:46 ec2: 
<14>Nov  5 15:42:46 ec2: #############################################################
<14>Nov  5 15:42:46 ec2: -----BEGIN SSH HOST KEY FINGERPRINTS-----
<14>Nov  5 15:42:46 ec2: 1024 SHA256://mT1XGNxqddzMoTgIwZUK0o0iBRYVLLZoUf1uBtVH8 root@ubuntu-xenial (DSA)
<14>Nov  5 15:42:46 ec2: 256 SHA256:bu+0KECvua+tHjF050FYuNAA2dQ7AuMzqUrOzslrWis root@ubuntu-xenial (ECDSA)
<14>Nov  5 15:42:46 ec2: 256 SHA256:qzR9CXx/3v3P/dBwmcJXltAQiS99dQTZV8+S301dpa4 root@ubuntu-xenial (ED25519)
<14>Nov  5 15:42:46 ec2: 2048 SHA256:c9byR6UIyFfUgcJhAKdN58f3LE7B1gBptz8Aegf8Kcw root@ubuntu-xenial (RSA)
<14>Nov  5 15:42:46 ec2: -----END SSH HOST KEY FINGERPRINTS-----
<14>Nov  5 15:42:46 ec2: #############################################################
-----BEGIN SSH HOST KEY KEYS-----
ecdsa-sha2-nistp256 AAAAE2VjZHNhLXNoYTItbmlzdHAyNTYAAAAIbmlzdHAyNTYAAABBBPvQsz/mYnKfCKjz6Nku1PXy6aiCJ3WWYdUo/A6P7zHst6lZdNPEEeKHmwM2NhpoAgYLfAQQjj7MAzXRbr1Opnc= root@ubuntu-xenial
ssh-ed25519 AAAAC3NzaC1lZDI1NTE5AAAAIBUvJL9uKRBTLzqTypSj+EgVImhJjWonN7apF7mN6Dbk root@ubuntu-xenial
ssh-rsa AAAAB3NzaC1yc2EAAAADAQABAAABAQCy4mAvjLHwflkrCOEoHR4RzqfYUN7O+7/N/7OJ3qT3UD3tChHWNGnSP3rC76WXF++eVXg8ULtwQJPmWibiI/ShufZ9z5dY2+5KxKB4Tzx3MrT4703OjCGUK2ZdFmBepUyR7AVMIicrJoF4X57GSPoHcV/YtxzfK6XpZYWXEAm/VczvsxMZ4wKd1lBGdXPCIg9yTNbLEUs3Hih8cc/Rvr1eRa5aHHBRFpy7Tasmner8f6AeV3BD8io8hAkJmavIIIheJzun4CBe6VZX3/VJ5EF1iNjJGvNbXsQfQk43hkNoXIzc2fiomCkPy1sfmITnasGicOrFBAuB2SAYZTLEqUyV root@ubuntu-xenial
-----END SSH HOST KEY KEYS-----
[   37.092192] cloud-init[1354]: Cloud-init v. 0.7.9 running 'modules:final' at Sun, 05 Nov 2017 15:42:46 +0000. Up 36.37 seconds.
[   37.098625] cloud-init[1354]: ci-info: no authorized ssh keys fingerprints found for user ubuntu.
[   37.104461] cloud-init[1354]: Cloud-init v. 0.7.9 finished at Sun, 05 Nov 2017 15:42:47 +0000. Datasource DataSourceNoCloud [seed=/dev/sdb][dsmode=net].  Up 37.08 seconds
[[0;32m  OK  [0m] Started Execute cloud user/final scripts.
[[0;32m  OK  [0m] Reached target Cloud-init target.

Ubuntu 16.04.3 LTS ubuntu-xenial ttyS0

ubuntu-xenial login: 